2017-11-09 19:19:55,625 INFO o.a.j.u.JMeterUtils: Setting Locale to en_US
2017-11-09 19:19:55,643 INFO o.a.j.JMeter: Loading user properties from: /usr/local/Cellar/jmeter/3.3/libexec/bin/user.properties
2017-11-09 19:19:55,644 INFO o.a.j.JMeter: Loading system properties from: /usr/local/Cellar/jmeter/3.3/libexec/bin/system.properties
2017-11-09 19:19:55,651 INFO o.a.j.JMeter: Copyright (c) 1998-2017 The Apache Software Foundation
2017-11-09 19:19:55,652 INFO o.a.j.JMeter: Version 3.3 r1808647
2017-11-09 19:19:55,652 INFO o.a.j.JMeter: java.version=1.8.0_101
2017-11-09 19:19:55,652 INFO o.a.j.JMeter: java.vm.name=Java HotSpot(TM) 64-Bit Server VM
2017-11-09 19:19:55,652 INFO o.a.j.JMeter: os.name=Mac OS X
2017-11-09 19:19:55,652 INFO o.a.j.JMeter: os.arch=x86_64
2017-11-09 19:19:55,652 INFO o.a.j.JMeter: os.version=10.12
2017-11-09 19:19:55,652 INFO o.a.j.JMeter: file.encoding=UTF-8
2017-11-09 19:19:55,652 INFO o.a.j.JMeter: Max memory     =536870912
2017-11-09 19:19:55,652 INFO o.a.j.JMeter: Available Processors =4
2017-11-09 19:19:55,659 INFO o.a.j.JMeter: Default Locale=English (United States)
2017-11-09 19:19:55,659 INFO o.a.j.JMeter: JMeter  Locale=English (United States)
2017-11-09 19:19:55,659 INFO o.a.j.JMeter: JMeterHome=/usr/local/Cellar/jmeter/3.3/libexec
2017-11-09 19:19:55,659 INFO o.a.j.JMeter: user.dir  =/Users/prabhat.p/ubuntu_docker/jmeter-slaves
2017-11-09 19:19:55,660 INFO o.a.j.JMeter: PWD       =/Users/prabhat.p/ubuntu_docker/jmeter-slaves
2017-11-09 19:19:55,678 INFO o.a.j.JMeter: IP: 172.16.61.28 Name: DV-MAC-PRABHAT-P.local FullName: 172.16.61.28
2017-11-09 19:19:59,185 INFO o.a.j.g.a.LookAndFeelCommand: Using look and feel: com.apple.laf.AquaLookAndFeel [Mac OS X, System]
2017-11-09 19:19:59,216 INFO o.a.j.JMeter: Loaded icon properties from org/apache/jmeter/images/icon.properties
2017-11-09 19:20:01,387 INFO o.a.j.e.u.CompoundVariable: Note: Function class names must contain the string: '.functions.'
2017-11-09 19:20:01,387 INFO o.a.j.e.u.CompoundVariable: Note: Function class names must not contain the string: '.gui.'
2017-11-09 19:20:03,400 INFO o.a.j.g.u.MenuFactory: Skipping org.apache.jmeter.assertions.BSFAssertion
2017-11-09 19:20:04,796 INFO o.a.j.g.u.MenuFactory: Skipping org.apache.jmeter.extractor.BSFPostProcessor
2017-11-09 19:20:04,853 INFO o.a.j.g.u.MenuFactory: Skipping org.apache.jmeter.modifiers.BSFPreProcessor
2017-11-09 19:20:04,923 INFO o.a.j.p.h.s.HTTPSamplerBase: Parser for text/html is org.apache.jmeter.protocol.http.parser.LagartoBasedHtmlParser
2017-11-09 19:20:04,923 INFO o.a.j.p.h.s.HTTPSamplerBase: Parser for application/xhtml+xml is org.apache.jmeter.protocol.http.parser.LagartoBasedHtmlParser
2017-11-09 19:20:04,923 INFO o.a.j.p.h.s.HTTPSamplerBase: Parser for application/xml is org.apache.jmeter.protocol.http.parser.LagartoBasedHtmlParser
2017-11-09 19:20:04,923 INFO o.a.j.p.h.s.HTTPSamplerBase: Parser for text/xml is org.apache.jmeter.protocol.http.parser.LagartoBasedHtmlParser
2017-11-09 19:20:04,924 INFO o.a.j.p.h.s.HTTPSamplerBase: Parser for text/vnd.wap.wml is org.apache.jmeter.protocol.http.parser.RegexpHTMLParser
2017-11-09 19:20:04,924 INFO o.a.j.p.h.s.HTTPSamplerBase: Parser for text/css is org.apache.jmeter.protocol.http.parser.CssParser
2017-11-09 19:20:05,809 INFO o.a.j.e.KeyToolUtils: keytool found at 'keytool'
2017-11-09 19:20:05,809 INFO o.a.j.p.h.p.ProxyControl: HTTP(S) Test Script Recorder SSL Proxy will use keys that support embedded 3rd party resources in file /usr/local/Cellar/jmeter/3.3/libexec/bin/proxyserver.jks
2017-11-09 19:20:05,985 INFO o.a.j.g.u.MenuFactory: Skipping org.apache.jmeter.protocol.java.sampler.BSFSampler
2017-11-09 19:20:06,037 INFO o.a.j.s.FileServer: Default base='/Users/prabhat.p/ubuntu_docker/jmeter-slaves'
2017-11-09 19:20:06,143 INFO o.a.j.g.u.MenuFactory: Skipping org.apache.jmeter.protocol.mongodb.config.MongoSourceElement
2017-11-09 19:20:06,143 INFO o.a.j.g.u.MenuFactory: Skipping org.apache.jmeter.protocol.mongodb.sampler.MongoScriptSampler
2017-11-09 19:20:06,317 INFO o.a.j.g.u.MenuFactory: Skipping org.apache.jmeter.timers.BSFTimer
2017-11-09 19:20:06,359 INFO o.a.j.g.u.MenuFactory: Skipping org.apache.jmeter.visualizers.BSFListener
2017-11-09 19:20:06,558 INFO o.a.j.s.SampleResult: Note: Sample TimeStamps are START times
2017-11-09 19:20:06,558 INFO o.a.j.s.SampleResult: sampleresult.default.encoding is set to ISO-8859-1
2017-11-09 19:20:06,558 INFO o.a.j.s.SampleResult: sampleresult.useNanoTime=true
2017-11-09 19:20:06,558 INFO o.a.j.s.SampleResult: sampleresult.nanoThreadSleep=5000
2017-11-09 19:20:20,363 INFO o.a.j.g.a.Load: Loading file: /Users/prabhat.p/ubuntu_docker/jmeter-slaves/11.jmx
2017-11-09 19:20:20,364 INFO o.a.j.s.FileServer: Set new base='/Users/prabhat.p/ubuntu_docker/jmeter-slaves'
2017-11-09 19:20:20,561 INFO o.a.j.s.SaveService: Testplan (JMX) version: 2.2. Testlog (JTL) version: 2.2
2017-11-09 19:20:20,590 INFO o.a.j.s.SaveService: Using SaveService properties file encoding UTF-8
2017-11-09 19:20:20,592 INFO o.a.j.s.SaveService: Using SaveService properties version 3.2
2017-11-09 19:20:20,598 INFO o.a.j.s.SaveService: Loading file: /Users/prabhat.p/ubuntu_docker/jmeter-slaves/11.jmx
2017-11-09 19:20:20,855 INFO o.a.j.s.FileServer: Set new base='/Users/prabhat.p/ubuntu_docker/jmeter-slaves'
